<?xml version="1.0" encoding="UTF-8" standalone="no"?>
<testsuite errors="0" failures="0" name="io.cucumber.core.plugin.JUnitFormatter" skipped="0" tests="1" time="11.596">
    <testcase classname="Probar la funcionalidad del buscador de Google" name=": Validar el trabajo del buscador de Google" time="11.436">
        <system-out>
            <![CDATA[Dado que el usuario se encuentra en la pagina del buscador de duckduckgo....passed
Cuando el usuario ingresa un texto en la caja del buscador..................passed
Y hace click en el boton buscar.............................................passed
Entonces el usuario es conducido hasta la pagina de los resultados de su busqueda.passed
]]>
        </system-out>
    </testcase>
</testsuite>
